H:\лр1\лр1\DEBUG\лр1.PCH
H:\лр1\лр1\DEBUG\STDAFX.OBJ
H:\ЛР1\ЛР1\DEBUG\VC110.PDB
H:\лр1\лр1\DEBUG\CIRCLE.OBJ
H:\лр1\лр1\DEBUG\лр1.OBJ
H:\лр1\DEBUG\лр1.ILK
H:\лр1\DEBUG\лр1.EXE
H:\ЛР1\DEBUG\ЛР1.PDB
H:\лр1\лр1\Debug\лр1.obj
H:\лр1\лр1\Debug\circle.obj
H:\лр1\лр1\Debug\stdafx.obj
H:\лр1\лр1\Debug\CL.read.1.tlog
H:\лр1\лр1\Debug\CL.write.1.tlog
H:\лр1\лр1\Debug\cl.command.1.tlog
H:\лр1\лр1\Debug\link-rc.read.1.tlog
H:\лр1\лр1\Debug\link-rc.write.1.tlog
H:\лр1\лр1\Debug\link-cvtres.read.1.tlog
H:\лр1\лр1\Debug\link-cvtres.write.1.tlog
H:\лр1\лр1\Debug\link.read.1.tlog
H:\лр1\лр1\Debug\link.write.1.tlog
H:\лр1\лр1\Debug\link.command.1.tlog
H:\лр1\лр1\Debug\link.2916-rc.read.1.tlog
H:\лр1\лр1\Debug\link.2916-rc.write.1.tlog
H:\лр1\лр1\Debug\link.2916-cvtres.read.1.tlog
H:\лр1\лр1\Debug\link.2916-cvtres.write.1.tlog
H:\лр1\лр1\Debug\link.2916.read.1.tlog
H:\лр1\лр1\Debug\link.2916.write.1.tlog
H:\лр1\лр1\Debug\лр1.pch
H:\лр1\лр1\Debug\vc110.idb
H:\лр1\лр1\Debug\vc110.pdb
H:\лр1\Debug\лр1.pdb
H:\лр1\Debug\лр1.exe
H:\лр1\Debug\лр1.ilk
